-------------------------------------------------------------------------------
Test set: TestSuite
-------------------------------------------------------------------------------
Tests run: 16, Failures: 3, Errors: 0, Skipped: 10, Time elapsed: 103.222 s <<< FAILURE! - in TestSuite
tearDown(AutomationProjects.SeleniumTestNG.ErrorValidationsTest)  Time elapsed: 0.395 s  <<< FAILURE!
org.testng.TestNGException: 

Can inject only one of <ITestContext, XmlTest, Method, Object[], ITestResult> into a @AfterMethod annotated tearDown.
For more information on native dependency injection please refer to https://testng.org/#_dependency_injection

loginErrorValidation(AutomationProjects.SeleniumTestNG.ErrorValidationsTest)  Time elapsed: 0.406 s  <<< FAILURE!
java.lang.AssertionError: expected [Incorrect email or password.] but found [Incorrect email  passwrd.]
	at AutomationProjects.SeleniumTestNG.ErrorValidationsTest.loginErrorValidation(ErrorValidationsTest.java:23)

tearDown(AutomationProjects.SeleniumTestNG.SubmitOrderTest)  Time elapsed: 24.018 s  <<< FAILURE!
org.testng.TestNGException: 

Can inject only one of <ITestContext, XmlTest, Method, Object[], ITestResult> into a @AfterMethod annotated tearDown.
For more information on native dependency injection please refer to https://testng.org/#_dependency_injection

